<?xml version="1.0" encoding="UTF-8"?>
<!-- Generated by org.testng.reporters.JUnitReportReporter -->
<testsuite hostname="DESKTOP-7LL1CDN" failures="0" tests="1" name="testCases.BaseClass" time="0.306" errors="0" timestamp="2024-08-29T12:25:56 IST" skipped="0">
  <testcase classname="testCases.BaseClass" name="verify_Login" time="0.306"/>
</testsuite> <!-- testCases.BaseClass -->
