<?xml version="1.0" encoding="UTF-8"?>
<!-- Generated by org.testng.reporters.JUnitReportReporter -->
<testsuite hostname="DESKTOP-7LL1CDN" failures="0" tests="1" name="loginLivis.ChromeLaunchTest" time="3.497" errors="0" timestamp="2024-08-25T21:25:58 IST" skipped="0">
  <testcase classname="loginLivis.ChromeLaunchTest" name="launchGoogle" time="3.497"/>
  <system-out/>
</testsuite> <!-- loginLivis.ChromeLaunchTest -->
