<?xml version="1.0" encoding="UTF-8"?>
<!-- Generated by org.testng.reporters.JUnitReportReporter -->
<testsuite hostname="DESKTOP-7LL1CDN" failures="0" tests="1" name="loginLivis.ChromeLaunchTest" time="3.239" errors="0" timestamp="2024-08-25T22:01:51 IST" skipped="0">
  <testcase classname="loginLivis.ChromeLaunchTest" name="launchGoogle" time="3.239"/>
</testsuite> <!-- loginLivis.ChromeLaunchTest -->
